[debug] [2025-02-28T19:28:37.008Z] ----------------------------------------------------------------------
[debug] [2025-02-28T19:28:37.011Z] Command:       C:\Program Files\nodejs\node.exe C:\Users\bisou\AppData\Roaming\npm\node_modules\firebase-tools\lib\bin\firebase.js init hosting
[debug] [2025-02-28T19:28:37.011Z] CLI Version:   13.32.0
[debug] [2025-02-28T19:28:37.011Z] Platform:      win32
[debug] [2025-02-28T19:28:37.011Z] Node Version:  v22.14.0
[debug] [2025-02-28T19:28:37.012Z] Time:          Fri Feb 28 2025 20:28:37 GMT+0100 (heure normale d’Europe centrale)
[debug] [2025-02-28T19:28:37.012Z] ----------------------------------------------------------------------
[debug] 
[debug] [2025-02-28T19:28:37.180Z] > command requires scopes: ["email","openid","https://www.googleapis.com/auth/cloudplatformprojects.readonly","https://www.googleapis.com/auth/firebase","https://www.googleapis.com/auth/cloud-platform"]
[debug] [2025-02-28T19:28:37.180Z] > authorizing via signed-in user (bisounours302@gmail.com)
[info] 
     ######## #### ########  ######## ########     ###     ######  ########
     ##        ##  ##     ## ##       ##     ##  ##   ##  ##       ##
     ######    ##  ########  ######   ########  #########  ######  ######
     ##        ##  ##    ##  ##       ##     ## ##     ##       ## ##
     ##       #### ##     ## ######## ########  ##     ##  ######  ########

You're about to initialize a Firebase project in this directory:

  C:\Users\bisou\Documents\GitHub\TCG2I

Before we get started, keep in mind:

  * You are initializing within an existing Firebase project directory

[info] 
=== Project Setup
[info] 
[info] First, let's associate this project directory with a Firebase project.
[info] You can create multiple project aliases by running firebase use --add, 
[info] but for now we'll just set up a default project.
[info] 
[debug] [2025-02-28T19:28:39.215Z] Using project from CLI flag: tcg2i-9ed87
[debug] [2025-02-28T19:28:39.216Z] Checked if tokens are valid: false, expires at: 1740758164479
[debug] [2025-02-28T19:28:39.216Z] Checked if tokens are valid: false, expires at: 1740758164479
[debug] [2025-02-28T19:28:39.216Z] > refreshing access token with scopes: []
[debug] [2025-02-28T19:28:39.218Z] >>> [apiv2][query] POST https://www.googleapis.com/oauth2/v3/token [none]
[debug] [2025-02-28T19:28:39.218Z] >>> [apiv2][body] POST https://www.googleapis.com/oauth2/v3/token [omitted]
[debug] [2025-02-28T19:28:39.651Z] <<< [apiv2][status] POST https://www.googleapis.com/oauth2/v3/token 200
[debug] [2025-02-28T19:28:39.651Z] <<< [apiv2][body] POST https://www.googleapis.com/oauth2/v3/token [omitted]
[debug] [2025-02-28T19:28:39.663Z] >>> [apiv2][query] GET https://firebase.googleapis.com/v1beta1/projects/tcg2i-9ed87 [none]
[debug] [2025-02-28T19:28:40.075Z] <<< [apiv2][status] GET https://firebase.googleapis.com/v1beta1/projects/tcg2i-9ed87 200
[debug] [2025-02-28T19:28:40.075Z] <<< [apiv2][body] GET https://firebase.googleapis.com/v1beta1/projects/tcg2i-9ed87 {"projectId":"tcg2i-9ed87","projectNumber":"378693390367","displayName":"TCG2I","name":"projects/tcg2i-9ed87","resources":{"hostingSite":"tcg2i-9ed87"},"state":"ACTIVE","etag":"1_7eb9cfbb-d97b-4596-aedc-2012d401c0c5"}
[info] i  Using project tcg2i-9ed87 (TCG2I) 
[info] 
=== Hosting Setup
[debug] [2025-02-28T19:28:40.085Z] Checked if tokens are valid: true, expires at: 1740774518651
[debug] [2025-02-28T19:28:40.085Z] Checked if tokens are valid: true, expires at: 1740774518651
[debug] [2025-02-28T19:28:40.085Z] >>> [apiv2][query] GET https://firebase.googleapis.com/v1beta1/projects/tcg2i-9ed87 [none]
[debug] [2025-02-28T19:28:40.341Z] <<< [apiv2][status] GET https://firebase.googleapis.com/v1beta1/projects/tcg2i-9ed87 200
[debug] [2025-02-28T19:28:40.341Z] <<< [apiv2][body] GET https://firebase.googleapis.com/v1beta1/projects/tcg2i-9ed87 {"projectId":"tcg2i-9ed87","projectNumber":"378693390367","displayName":"TCG2I","name":"projects/tcg2i-9ed87","resources":{"hostingSite":"tcg2i-9ed87"},"state":"ACTIVE","etag":"1_7eb9cfbb-d97b-4596-aedc-2012d401c0c5"}
[info] 
[info] Your public directory is the folder (relative to your project directory) that
[info] will contain Hosting assets to be uploaded with firebase deploy. If you
[info] have a build process for your assets, use your build's output directory.
[info] 
